2019-09-24 20:19:38,149 [      0]   INFO -        #com.intellij.idea.Main - ------------------------------------------------------ IDE STARTED ------------------------------------------------------ 
2019-09-24 20:19:38,195 [     46]   INFO -        #com.intellij.idea.Main - IDE: PyCharm (build #PC-192.6603.34, 10 Sep 2019 20:48) 
2019-09-24 20:19:38,210 [     61]   INFO -        #com.intellij.idea.Main - OS: Windows 10 (10.0, amd64) 
2019-09-24 20:19:38,210 [     61]   INFO -        #com.intellij.idea.Main - JRE: 11.0.3+12-b304.56 (JetBrains s.r.o) 
2019-09-24 20:19:38,213 [     64]   INFO -        #com.intellij.idea.Main - JVM: 11.0.3+12-b304.56 (OpenJDK 64-Bit Server VM) 
2019-09-24 20:19:38,214 [     65]   INFO -        #com.intellij.idea.Main - JVM Args: exit -Xms128m -Xmx750m -XX:ReservedCodeCacheSize=240m -XX:+UseConcMarkSweepGC -XX:SoftRefLRUPolicyMSPerMB=50 -ea -XX:CICompilerCount=2 -Dsun.io.useCanonPrefixCache=false -Djava.net.preferIPv4Stack=true -Djdk.http.auth.tunneling.disabledSchemes="" -XX:+HeapDumpOnOutOfMemoryError -XX:-OmitStackTraceInFastThrow -Djdk.attach.allowAttachSelf -Dkotlinx.coroutines.debug=off -Djdk.module.illegalAccess.silent=true -Djb.vmOptionsFile=C:\Program Files\JetBrains\PyCharm Community Edition 2019.2.2\bin\pycharm64.exe.vmoptions -Djava.library.path=C:\Program Files\JetBrains\PyCharm Community Edition 2019.2.2\jbr\\bin;C:\Program Files\JetBrains\PyCharm Community Edition 2019.2.2\jbr\\bin\server -Didea.platform.prefix=PyCharmCore -Dide.native.launcher=true -Didea.paths.selector=PyCharmCE2019.2 -XX:ErrorFile=C:\Users\User\java_error_in_pycharm_%p.log -XX:HeapDumpPath=C:\Users\User\java_error_in_pycharm.hprof 
2019-09-24 20:19:38,215 [     66]   INFO -        #com.intellij.idea.Main - charsets: JNU=Cp1252 file=Cp1252 
2019-09-24 20:19:38,406 [    257]   INFO -        #com.intellij.idea.Main - JNA library (64-bit) loaded in 216 ms 
2019-09-24 20:19:38,500 [    351]   INFO - penapi.util.io.win32.IdeaWin32 - Native filesystem for Windows is operational 
2019-09-24 20:19:38,624 [    475]   INFO - plication.impl.ApplicationImpl - CPU cores: 4; ForkJoinPool.commonPool: java.util.concurrent.ForkJoinPool@7a4d1cf4[Running, parallelism = 3, size = 0, active = 0, running = 0, steals = 0, tasks = 0, submissions = 0]; factory: com.intellij.concurrency.IdeaForkJoinWorkerThreadFactory@636862ff 
2019-09-24 20:21:19,883 [ 101734]   INFO - .intellij.util.io.HttpRequests - Application is not initialized yet; Using default SSL configuration to connect to https://plugins.jetbrains.com/plugins/list/?uuid=d2257e15-c623-4c07-932a-87f14d941aab&build=PC-192.6603.34 
2019-09-24 20:21:34,373 [ 116224]   INFO - tellij.diagnostic.LoadingPhase - Reached SPLASH loading phase 
2019-09-24 20:21:34,560 [ 116411]   INFO - llij.ide.plugins.PluginManager - Plugin 'Configuration Script' can't be loaded because: Plugin does not include any module dependency tags in its plugin.xml therefore is assumed legacy and can be loaded only in IntelliJ IDEA 
2019-09-24 20:21:34,641 [ 116492]   INFO - llij.ide.plugins.PluginManager - Loaded bundled plugins: Copyright (192.6603.34), EditorConfig (192.6603.34), Git (192.6603.34), GitHub (192.6603.34), IDEA CORE (192.6603.34), IntelliLang (192.6603.34), Machine Learning Code Completion (192.6603.34), Mercurial (192.6603.34), Properties (192.6603.34), Python Copyright (192.6603.34), Python IntelliLang (192.6603.34), Python ReStructureText Integration (192.6603.34), Python Terminal (192.6603.34), ReStructuredText Support (192.6603.34), Settings Repository (192.6603.34), Shell Script (192.6603.34), Subversion (192.6603.34), Task Management (192.6603.34), Terminal (192.6603.34), TextMate bundles (192.6603.34), YAML (192.6603.34) 
2019-09-24 20:21:34,641 [ 116492]   INFO - llij.ide.plugins.PluginManager - Disabled plugins: Configuration Script (192.6603.34) 
2019-09-24 20:21:40,424 [ 122275]   INFO - tellij.diagnostic.LoadingPhase - Reached CONFIGURATION_STORE_INITIALIZED loading phase 
2019-09-24 20:21:40,776 [ 122627]   INFO - ellij.vfs.persistent.FSRecords - Marking VFS as corrupted: 'C:\Users\User\.PyCharmCE2019.2\system\caches\names.dat' does not exist 
2019-09-24 20:21:40,779 [ 122630]   INFO - ellij.util.io.PagedFileStorage - lower=100; upper=500; buffer=10; max=705 
2019-09-24 20:21:41,156 [ 123007]   INFO - pl.local.NativeFileWatcherImpl - Starting file watcher: C:\Program Files\JetBrains\PyCharm Community Edition 2019.2.2\bin\fsnotifier64.exe 
2019-09-24 20:21:41,447 [ 123298]   INFO - pl.local.NativeFileWatcherImpl - Native file watcher is operational. 
2019-09-24 20:21:45,753 [ 127604]   INFO - rnal.statistic.DeviceIdManager - Generating new Device ID 
2019-09-24 20:21:45,773 [ 127624]   INFO - eventLog.EventLogConfiguration - Generating salt for the device 
2019-09-24 20:21:46,353 [ 128204]   INFO - .history.utils.LocalHistoryLog - local history version mismatch (was: 0, expected: 6), rebuilding... 
2019-09-24 20:21:46,353 [ 128204]   INFO - .history.utils.LocalHistoryLog - FS has been rebuild, rebuilding local history... 
2019-09-24 20:21:46,883 [ 128734]   INFO - til.net.ssl.CertificateManager - Default SSL context initialized 
2019-09-24 20:21:46,993 [ 128844]   INFO - rains.ide.BuiltInServerManager - built-in server started, port 63342 
2019-09-24 20:21:48,235 [ 130086]   INFO - il.indexing.FileBasedIndexImpl - File index extensions iterated:759 
2019-09-24 20:21:49,306 [ 131157]   INFO - j.ide.ui.OptionsTopHitProvider - 272 ms spent to cache options in application 
2019-09-24 20:21:50,025 [ 131876]   INFO - tellij.diagnostic.LoadingPhase - Reached FRAME_SHOWN loading phase 
2019-09-24 20:21:57,853 [ 139704]   INFO - ndex.PrebuiltIndexProviderBase - Using prebuilt id-index from C:\Users\User\.PyCharmCE2019.2\system\index\.persistent\prebuilt\Python\id-index.input 
2019-09-24 20:21:59,196 [ 141047]   INFO - ij.psi.stubs.StubUpdatingIndex - Following new file types will be indexed:XML,PythonStub,HTML,Properties,Python 
2019-09-24 20:22:00,204 [ 142055]   INFO - pl$FileIndexDataInitialization - Initialization done:12733 
2019-09-24 20:22:00,561 [ 142412]   INFO - exImpl$StubIndexInitialization - Initialization done:352 
2019-09-24 20:22:01,059 [ 142910]   INFO - com.intellij.ide.ui.UISettings - Loaded: fontSize=13, fontScale=1.0; restored: fontSize=13, fontScale=1.0 
2019-09-24 20:22:13,857 [ 155708]   WARN -                    findPackage - Process still runs after timeout 
2019-09-24 20:22:13,857 [ 155708]   WARN -                    findPackage - "Get-AppxPackage | Where-Object {$_.Name -like '*Python*'} | Select-Object {$_.InstallLocation} | Format-List" 
2019-09-24 20:22:32,208 [ 174059]   WARN -                    findPackage -  
2019-09-24 20:22:32,209 [ 174060]   WARN -                    findPackage -  
2019-09-24 20:22:34,160 [ 176011]   WARN - til.ui.update.LazyUiDisposable - use application as a parent disposable 
2019-09-24 20:22:35,837 [ 177688]   INFO - rationStore.ComponentStoreImpl - Saving appDaemonCodeAnalyzerSettings took 79 ms, Encoding took 46 ms, FileTypeManager took 12 ms, HttpConfigurable took 24 ms, OsSpecificEditorSettings took 13 ms, UISettings took 27 ms, XDebuggerSettings took 79 ms 
2019-09-24 20:22:36,099 [ 177950]   INFO - mponents.impl.stores.StoreUtil - saveProjectsAndApp took 1095 ms 
2019-09-24 20:22:38,754 [ 180605]   WARN - til.ui.update.LazyUiDisposable - use application as a parent disposable 
2019-09-24 20:24:41,995 [ 303846]   INFO - j.ide.script.IdeStartupScripts - 0 startup script(s) found 
2019-09-24 20:24:42,377 [ 304228]   INFO - rojectCodeStyleSettingsManager - Initialized from default code style settings. 
2019-09-24 20:24:44,482 [ 306333]   INFO - .diagnostic.PerformanceWatcher - Pushing properties took 106ms; general responsiveness: ok; EDT responsiveness: ok 
2019-09-24 20:24:45,572 [ 307423]   INFO - ge.ExternalProjectsDataStorage - Load external projects data in 23 millis (read time: 2) 
2019-09-24 20:24:45,759 [ 307610]   INFO - j.ide.ui.OptionsTopHitProvider - 2365 ms spent to cache options in project 
2019-09-24 20:24:45,790 [ 307641]   INFO - .diagnostic.PerformanceWatcher - Post-startup activities under progress took 2510ms; general responsiveness: ok; EDT responsiveness: 0/2 sluggish, 1/2 very slow 
2019-09-24 20:24:46,523 [ 308374]   INFO - packaging.PyPackageManagerImpl - Running packaging tool: C:\Users\User\AppData\Local\Programs\Python\Python37\python.exe C:\Program Files\JetBrains\PyCharm Community Edition 2019.2.2\helpers\packaging_tool.py pyvenv C:\Users\User\PycharmProjects\Hellow world\venv 
2019-09-24 20:24:49,673 [ 311524]   INFO - .diagnostic.PerformanceWatcher - Indexable file iteration took 5190ms; general responsiveness: ok; EDT responsiveness: ok 
2019-09-24 20:24:49,674 [ 311525]   INFO - indexing.UnindexedFilesUpdater - Unindexed files update started: 211 files to update 
2019-09-24 20:24:51,926 [ 313777]   INFO - .diagnostic.PerformanceWatcher - Unindexed files update took 2252ms; general responsiveness: ok; EDT responsiveness: ok 
2019-09-24 20:24:54,497 [ 316348]   INFO - plication.impl.ApplicationImpl - LONG VFS PROCESSING. Topic=NewVirtualFileSystem changes, offender=class com.intellij.openapi.vfs.impl.BulkVirtualFileListenerAdapter, message=after, time=119ms 
2019-09-24 20:24:54,836 [ 316687]   INFO - g.FileBasedIndexProjectHandler - Reindexing refreshed files: 6 to update, calculated in 169ms 
2019-09-24 20:24:54,868 [ 316719]   INFO - .diagnostic.PerformanceWatcher - Reindexing refreshed files took 32ms; general responsiveness: ok; EDT responsiveness: ok 
2019-09-24 20:24:54,907 [ 316758]   INFO - packaging.PyPackageManagerImpl - Running packaging tool: C:\Users\User\PycharmProjects\Hellow world\venv\Scripts\python.exe C:\Program Files\JetBrains\PyCharm Community Edition 2019.2.2\helpers\packaging_tool.py list 
2019-09-24 20:24:55,827 [ 317678]   INFO - .intellij.util.EnvironmentUtil - shell environment loaded (49 vars) 
2019-09-24 20:24:56,439 [ 318290]   INFO - packaging.PyPackageManagerImpl - Error: Python packaging tool 'setuptools' not found

Exit code 3 
2019-09-24 20:24:56,454 [ 318305]   INFO - packaging.PyPackageManagerImpl - Running packaging tool: C:\Users\User\PycharmProjects\Hellow world\venv\Scripts\python.exe C:\Program Files\JetBrains\PyCharm Community Edition 2019.2.2\helpers\packaging_tool.py untar C:\Program Files\JetBrains\PyCharm Community Edition 2019.2.2\helpers\setuptools-40.8.0.tar.gz 
2019-09-24 20:25:01,183 [ 323034]   INFO - packaging.PyPackageManagerImpl - Running packaging tool: C:\Users\User\PycharmProjects\Hellow world\venv\Scripts\python.exe C:\Users\User\AppData\Local\Temp\tmpr_xo3x7apycharm-management\setuptools-40.8.0\setup.py install 
2019-09-24 20:25:07,543 [ 329394]   INFO - packaging.PyPackageManagerImpl - Running packaging tool: C:\Users\User\PycharmProjects\Hellow world\venv\Scripts\python.exe C:\Program Files\JetBrains\PyCharm Community Edition 2019.2.2\helpers\packaging_tool.py untar C:\Program Files\JetBrains\PyCharm Community Edition 2019.2.2\helpers\pip-19.0.3.tar.gz 
2019-09-24 20:25:14,078 [ 335929]   INFO - packaging.PyPackageManagerImpl - Running packaging tool: C:\Users\User\PycharmProjects\Hellow world\venv\Scripts\python.exe C:\Users\User\AppData\Local\Temp\tmptj782qbbpycharm-management\pip-19.0.3\setup.py install 
2019-09-24 20:25:27,275 [ 349126]   INFO - .intellij.util.EnvironmentUtil - shell environment loaded (49 vars) 
2019-09-24 20:25:27,506 [ 349357]   INFO - .intellij.util.EnvironmentUtil - shell environment loaded (49 vars) 
2019-09-24 20:25:27,821 [ 349672]   INFO - ns.python.sdk.PythonSdkUpdater - Updating sys.path took 1080 ms 
2019-09-24 20:25:27,827 [ 349678]   INFO - ns.python.sdk.PythonSdkUpdater - Bogus sys.path entry C:\Users\User\PycharmProjects\Hellow world\venv\Scripts\python37.zip 
2019-09-24 20:25:27,917 [ 349768]   INFO - plication.impl.ApplicationImpl - LONG VFS PROCESSING. Topic=NewVirtualFileSystem changes, offender=class com.intellij.openapi.vfs.newvfs.AsyncEventSupport$1, message=after, time=54ms 
2019-09-24 20:25:27,929 [ 349780]   INFO - ns.python.sdk.PythonSdkUpdater - Binary skeletons directory for SDK Python 3.7 (Hellow world) (C:\Users\User\PycharmProjects\Hellow world\venv\Scripts\python.exe)): C:/Users/User/.PyCharmCE2019.2/system/python_stubs/-1384082989 
2019-09-24 20:25:27,983 [ 349834]   INFO - ns.python.sdk.PythonSdkUpdater - User skeletons directory for SDK Python 3.7 (Hellow world) (C:\Users\User\PycharmProjects\Hellow world\venv\Scripts\python.exe)): C:/Program Files/JetBrains/PyCharm Community Edition 2019.2.2/helpers/python-skeletons 
2019-09-24 20:25:28,324 [ 350175]   INFO - pl.ProjectRootManagerComponent - project roots have changed 
2019-09-24 20:25:28,346 [ 350197]   INFO - pl.ProjectRootManagerComponent - project roots have changed 
2019-09-24 20:25:28,356 [ 350207]   INFO - pl.ProjectRootManagerComponent - project roots have changed 
2019-09-24 20:25:28,418 [ 350269]   WARN - tartup.impl.StartupManagerImpl - C:/Users/User/PycharmProjects/Hellow world/.idea 
java.io.FileNotFoundException: C:/Users/User/PycharmProjects/Hellow world/.idea
	at com.intellij.openapi.util.io.FileUtil.isFileSystemCaseSensitive(FileUtil.java:1467)
	at com.intellij.ide.startup.impl.StartupManagerImpl.checkFsSanity(StartupManagerImpl.java:329)
	at com.intellij.ide.startup.impl.StartupManagerImpl.runPostStartupActivities(StartupManagerImpl.java:237)
	at com.intellij.openapi.project.impl.ProjectManagerImpl.lambda$null$6(ProjectManagerImpl.java:411)
	at com.intellij.openapi.application.TransactionGuardImpl$2.run(TransactionGuardImpl.java:312)
	at com.intellij.openapi.application.impl.LaterInvocator$FlushQueue.doRun(LaterInvocator.java:433)
	at com.intellij.openapi.application.impl.LaterInvocator$FlushQueue.runNextEvent(LaterInvocator.java:416)
	at com.intellij.openapi.application.impl.LaterInvocator$FlushQueue.run(LaterInvocator.java:399)
	at java.desktop/java.awt.event.InvocationEvent.dispatch(InvocationEvent.java:313)
	at java.desktop/java.awt.EventQueue.dispatchEventImpl(EventQueue.java:776)
	at java.desktop/java.awt.EventQueue$4.run(EventQueue.java:727)
	at java.desktop/java.awt.EventQueue$4.run(EventQueue.java:721)
	at java.base/java.security.AccessController.doPrivileged(Native Method)
	at java.base/java.security.ProtectionDomain$JavaSecurityAccessImpl.doIntersectionPrivilege(ProtectionDomain.java:85)
	at java.desktop/java.awt.EventQueue.dispatchEvent(EventQueue.java:746)
	at com.intellij.ide.IdeEventQueue.defaultDispatchEvent(IdeEventQueue.java:878)
	at com.intellij.ide.IdeEventQueue._dispatchEvent(IdeEventQueue.java:827)
	at com.intellij.ide.IdeEventQueue.lambda$dispatchEvent$8(IdeEventQueue.java:466)
	at com.intellij.openapi.progress.impl.CoreProgressManager.computePrioritized(CoreProgressManager.java:704)
	at com.intellij.ide.IdeEventQueue.dispatchEvent(IdeEventQueue.java:465)
	at java.desktop/java.awt.EventDispatchThread.pumpOneEventForFilters(EventDispatchThread.java:203)
	at java.desktop/java.awt.EventDispatchThread.pumpEventsForFilter(EventDispatchThread.java:124)
	at java.desktop/java.awt.EventDispatchThread.pumpEventsForHierarchy(EventDispatchThread.java:113)
	at java.desktop/java.awt.EventDispatchThread.pumpEvents(EventDispatchThread.java:109)
	at java.desktop/java.awt.EventDispatchThread.pumpEvents(EventDispatchThread.java:101)
	at java.desktop/java.awt.EventDispatchThread.run(EventDispatchThread.java:90)
2019-09-24 20:25:28,435 [ 350286]   INFO - tellij.diagnostic.LoadingPhase - Reached PROJECT_OPENED loading phase 
2019-09-24 20:25:28,506 [ 350357]   INFO - ns.python.sdk.PythonSdkUpdater - Performing background update of skeletons for SDK Python 3.7 (Hellow world) (C:\Users\User\PycharmProjects\Hellow world\venv\Scripts\python.exe) 
2019-09-24 20:25:28,510 [ 350361]   INFO - .skeletons.PySkeletonRefresher - Refreshing skeletons for C:\Users\User\PycharmProjects\Hellow world\venv\Scripts\python.exe 
2019-09-24 20:25:28,514 [ 350365]   INFO - pl.ProjectRootManagerComponent - project roots have changed 
2019-09-24 20:25:28,520 [ 350371]   INFO - g.FileBasedIndexProjectHandler - Reindexing refreshed files: 310 to update, calculated in 10ms 
2019-09-24 20:25:28,523 [ 350374]   INFO - tor.impl.FileEditorManagerImpl - Project opening took 50033 ms 
2019-09-24 20:25:35,022 [ 356873]   INFO - .skeletons.PySkeletonGenerator - Retrieving binary module list took 6422 ms 
2019-09-24 20:25:35,023 [ 356874]   INFO - tPregeneratedSkeletonsProvider - Home path is C:\Program Files\JetBrains\PyCharm Community Edition 2019.2.2 
2019-09-24 20:25:35,023 [ 356874]   INFO - tPregeneratedSkeletonsProvider - Pregenerated skeletons root is C:\Program Files\JetBrains\PyCharm Community Edition 2019.2.2\skeletons 
2019-09-24 20:25:35,058 [ 356909]   INFO - tPregeneratedSkeletonsProvider - Found pre-generated skeletons at C:\Program Files\JetBrains\PyCharm Community Edition 2019.2.2\skeletons\skeletons-win-403-python-3.7.3.zip 
2019-09-24 20:25:36,763 [ 358614]   INFO - ndex.PrebuiltIndexProviderBase - Using prebuilt sdk-stubs from C:\Users\User\.PyCharmCE2019.2\system\index\.persistent\prebuilt\Python\sdk-stubs.input 
2019-09-24 20:25:36,793 [ 358644]   INFO - .stubs.StubSerializationHelper - serialized properties.prop is ignored in unmodifiable stub serialization manager 
2019-09-24 20:25:36,793 [ 358644]   INFO - .stubs.StubSerializationHelper - serialized properties.propertieslist is ignored in unmodifiable stub serialization manager 
2019-09-24 20:25:37,529 [ 359380]   INFO - .skeletons.PySkeletonRefresher - Skeleton for Scripts._asyncio 
2019-09-24 20:25:39,285 [ 361136]   INFO - .intellij.util.EnvironmentUtil - shell environment loaded (49 vars) 
2019-09-24 20:25:41,676 [ 363527]   INFO - .skeletons.PySkeletonRefresher - Skeleton for Scripts._bz2 
2019-09-24 20:25:42,903 [ 364754]   INFO - .intellij.util.EnvironmentUtil - shell environment loaded (49 vars) 
2019-09-24 20:25:44,092 [ 365943]   INFO - .skeletons.PySkeletonRefresher - Skeleton for Scripts._contextvars 
2019-09-24 20:25:44,183 [ 366034]   INFO - .diagnostic.PerformanceWatcher - Reindexing refreshed files took 15663ms; general responsiveness: ok; EDT responsiveness: 1/16 sluggish, 1/16 very slow 
2019-09-24 20:25:44,866 [ 366717]   INFO - .intellij.util.EnvironmentUtil - shell environment loaded (49 vars) 
2019-09-24 20:25:45,342 [ 367193]   INFO - .skeletons.PySkeletonRefresher - Skeleton for Scripts._ctypes 
2019-09-24 20:25:46,125 [ 367976]   INFO - .intellij.util.EnvironmentUtil - shell environment loaded (49 vars) 
2019-09-24 20:25:46,672 [ 368523]   INFO - .diagnostic.PerformanceWatcher - Pushing Python language level to 9 roots in 1 SDKs took 2488ms; general responsiveness: ok; EDT responsiveness: ok 
2019-09-24 20:25:46,676 [ 368527]   INFO - .diagnostic.PerformanceWatcher - Pushing properties took 3ms; general responsiveness: ok; EDT responsiveness: ok 
2019-09-24 20:25:46,720 [ 368571]   INFO - .skeletons.PySkeletonRefresher - Skeleton for Scripts._ctypes_test 
2019-09-24 20:25:47,392 [ 369243]   INFO - .intellij.util.EnvironmentUtil - shell environment loaded (49 vars) 
2019-09-24 20:25:48,246 [ 370097]   INFO - .skeletons.PySkeletonRefresher - Skeleton for Scripts._decimal 
2019-09-24 20:25:48,904 [ 370755]   INFO - .intellij.util.EnvironmentUtil - shell environment loaded (49 vars) 
2019-09-24 20:25:49,663 [ 371514]   INFO - .skeletons.PySkeletonRefresher - Skeleton for Scripts._distutils_findvs 
2019-09-24 20:25:49,847 [ 371698]   INFO - ings.impl.UpdateCheckerService - channel: release 
2019-09-24 20:25:50,568 [ 372419]   INFO - .intellij.util.EnvironmentUtil - shell environment loaded (49 vars) 
2019-09-24 20:25:51,009 [ 372860]   INFO - .skeletons.PySkeletonRefresher - Skeleton for Scripts._elementtree 
2019-09-24 20:25:51,120 [ 372971]   INFO - j.ide.plugins.RepositoryHelper - using cached plugin list (updated at 24-Sep-19 8:21 PM) 
2019-09-24 20:25:51,696 [ 373547]   INFO - .intellij.util.EnvironmentUtil - shell environment loaded (49 vars) 
2019-09-24 20:25:52,206 [ 374057]   INFO - .skeletons.PySkeletonRefresher - Skeleton for Scripts._hashlib 
2019-09-24 20:25:52,789 [ 374640]   INFO - .intellij.util.EnvironmentUtil - shell environment loaded (49 vars) 
2019-09-24 20:25:53,199 [ 375050]   INFO - .skeletons.PySkeletonRefresher - Skeleton for Scripts._lzma 
2019-09-24 20:25:53,985 [ 375836]   INFO - .intellij.util.EnvironmentUtil - shell environment loaded (49 vars) 
2019-09-24 20:25:54,386 [ 376237]   INFO - .skeletons.PySkeletonRefresher - Skeleton for Scripts._msi 
2019-09-24 20:25:55,118 [ 376969]   INFO - .intellij.util.EnvironmentUtil - shell environment loaded (49 vars) 
2019-09-24 20:25:55,530 [ 377381]   INFO - .skeletons.PySkeletonRefresher - Skeleton for Scripts._multiprocessing 
2019-09-24 20:25:56,185 [ 378036]   INFO - .intellij.util.EnvironmentUtil - shell environment loaded (49 vars) 
2019-09-24 20:25:56,641 [ 378492]   INFO - .skeletons.PySkeletonRefresher - Skeleton for Scripts._overlapped 
2019-09-24 20:25:57,000 [ 378851]   INFO - gnostic.MemorySizeConfigurator - Physical memory 16274M, minimum memory size 128M, -Xmx adjusted from 750M to 2034M 
2019-09-24 20:25:57,302 [ 379153]   INFO - .intellij.util.EnvironmentUtil - shell environment loaded (49 vars) 
2019-09-24 20:25:57,792 [ 379643]   INFO - .skeletons.PySkeletonRefresher - Skeleton for Scripts._queue 
2019-09-24 20:25:58,057 [ 379908]   INFO - j.ide.plugins.RepositoryHelper - using cached plugin list (updated at 24-Sep-19 8:21 PM) 
2019-09-24 20:25:58,507 [ 380358]   INFO - .intellij.util.EnvironmentUtil - shell environment loaded (49 vars) 
2019-09-24 20:25:59,004 [ 380855]   INFO - .skeletons.PySkeletonRefresher - Skeleton for Scripts._socket 
2019-09-24 20:25:59,866 [ 381717]   INFO - .intellij.util.EnvironmentUtil - shell environment loaded (49 vars) 
2019-09-24 20:26:00,458 [ 382309]   INFO - .skeletons.PySkeletonRefresher - Skeleton for Scripts._sqlite3 
2019-09-24 20:26:01,227 [ 383078]   INFO - .intellij.util.EnvironmentUtil - shell environment loaded (49 vars) 
2019-09-24 20:26:01,707 [ 383558]   INFO - .skeletons.PySkeletonRefresher - Skeleton for Scripts._ssl 
2019-09-24 20:26:02,264 [ 384115]   INFO - .intellij.util.EnvironmentUtil - shell environment loaded (49 vars) 
2019-09-24 20:26:03,032 [ 384883]   INFO - .skeletons.PySkeletonRefresher - Skeleton for Scripts._testbuffer 
2019-09-24 20:26:03,733 [ 385584]   INFO - .intellij.util.EnvironmentUtil - shell environment loaded (49 vars) 
2019-09-24 20:26:03,874 [ 385725]   INFO - rationStore.ComponentStoreImpl - Saving appFeatureUsageStatistics took 16 ms, NotRoamableUiSettings took 20 ms 
2019-09-24 20:26:04,070 [ 385921]   INFO - rationStore.ComponentStoreImpl - Saving Project 'C:\Users\User\PycharmProjects\Hellow world' Hellow worldCommitMessageInspectionProfile took 58 ms, ProjectModuleManager took 12 ms, ProjectStartupSharedConfiguration took 11 ms 
2019-09-24 20:26:04,135 [ 385986]   INFO - .skeletons.PySkeletonRefresher - Skeleton for Scripts._testcapi 
2019-09-24 20:26:04,750 [ 386601]   INFO - mponents.impl.stores.StoreUtil - saveProjectsAndApp took 977 ms 
2019-09-24 20:26:04,913 [ 386764]   INFO - .intellij.util.EnvironmentUtil - shell environment loaded (49 vars) 
2019-09-24 20:26:05,356 [ 387207]   INFO - .skeletons.PySkeletonRefresher - Skeleton for Scripts._testconsole 
2019-09-24 20:26:05,898 [ 387749]   INFO - .intellij.util.EnvironmentUtil - shell environment loaded (49 vars) 
2019-09-24 20:26:06,352 [ 388203]   INFO - .skeletons.PySkeletonRefresher - Skeleton for Scripts._testimportmultiple 
2019-09-24 20:26:06,898 [ 388749]   INFO - .intellij.util.EnvironmentUtil - shell environment loaded (49 vars) 
2019-09-24 20:26:07,595 [ 389446]   INFO - .skeletons.PySkeletonRefresher - Skeleton for Scripts._testmultiphase 
2019-09-24 20:26:08,221 [ 390072]   INFO - .intellij.util.EnvironmentUtil - shell environment loaded (49 vars) 
2019-09-24 20:26:08,651 [ 390502]   INFO - .skeletons.PySkeletonRefresher - Skeleton for Scripts._tkinter 
2019-09-24 20:26:09,341 [ 391192]   INFO - .intellij.util.EnvironmentUtil - shell environment loaded (49 vars) 
2019-09-24 20:26:09,901 [ 391752]   INFO - .skeletons.PySkeletonRefresher - Skeleton for Scripts.pyexpat 
2019-09-24 20:26:10,573 [ 392424]   INFO - .intellij.util.EnvironmentUtil - shell environment loaded (49 vars) 
2019-09-24 20:26:11,223 [ 393074]   INFO - .skeletons.PySkeletonRefresher - Skeleton for Scripts.select 
2019-09-24 20:26:12,001 [ 393852]   INFO - .intellij.util.EnvironmentUtil - shell environment loaded (49 vars) 
2019-09-24 20:26:12,469 [ 394320]   INFO - .skeletons.PySkeletonRefresher - Skeleton for Scripts.unicodedata 
2019-09-24 20:26:13,120 [ 394971]   INFO - .intellij.util.EnvironmentUtil - shell environment loaded (49 vars) 
2019-09-24 20:26:13,793 [ 395644]   INFO - .skeletons.PySkeletonRefresher - Skeleton for Scripts.winsound 
2019-09-24 20:26:14,680 [ 396531]   INFO - .intellij.util.EnvironmentUtil - shell environment loaded (49 vars) 
2019-09-24 20:26:15,235 [ 397086]   INFO - .skeletons.PySkeletonRefresher - Skeleton for _distutils_findvs 
2019-09-24 20:26:16,201 [ 398052]   INFO - .intellij.util.EnvironmentUtil - shell environment loaded (49 vars) 
2019-09-24 20:26:16,641 [ 398492]   INFO - tPregeneratedSkeletonsProvider - Pre-generated skeleton for pyexpat 
2019-09-24 20:26:16,644 [ 398495]   INFO - .skeletons.PySkeletonRefresher - Rebuilding skeletons for binaries took 39136 ms 
2019-09-24 20:26:16,667 [ 398518]   INFO - ns.python.sdk.PythonSdkUpdater - Performing background scan of packages for SDK Python 3.7 (Hellow world) (C:\Users\User\PycharmProjects\Hellow world\venv\Scripts\python.exe) 
2019-09-24 20:26:16,671 [ 398522]   INFO - packaging.PyPackageManagerImpl - Running packaging tool: C:\Users\User\PycharmProjects\Hellow world\venv\Scripts\python.exe C:\Program Files\JetBrains\PyCharm Community Edition 2019.2.2\helpers\packaging_tool.py list 
2019-09-24 20:26:19,085 [ 400936]   INFO - .diagnostic.PerformanceWatcher - Indexable file iteration took 32409ms; general responsiveness: ok; EDT responsiveness: 1/33 sluggish, 1/33 very slow 
2019-09-24 20:26:19,085 [ 400936]   INFO - indexing.UnindexedFilesUpdater - Unindexed files update started: 4084 files to update 
2019-09-24 20:26:51,124 [ 432975]   INFO - .diagnostic.PerformanceWatcher - Unindexed files update took 32039ms; general responsiveness: ok; EDT responsiveness: 1/31 sluggish, 3/31 very slow 
2019-09-24 20:26:51,126 [ 432977]   INFO - g.FileBasedIndexProjectHandler - Reindexing refreshed files: 32 to update, calculated in 1ms 
2019-09-24 20:26:51,334 [ 433185]   INFO - .diagnostic.PerformanceWatcher - Reindexing refreshed files took 207ms; general responsiveness: ok; EDT responsiveness: ok 
2019-09-24 20:26:51,334 [ 433185]   INFO - tellij.diagnostic.LoadingPhase - Reached INDEXING_FINISHED loading phase 
2019-09-24 20:26:55,009 [ 436860]   INFO - .intellij.util.EnvironmentUtil - shell environment loaded (49 vars) 
2019-09-24 20:26:55,267 [ 437118]   INFO - ns.python.sdk.PythonSdkUpdater - Updating sys.path took 801 ms 
2019-09-24 20:26:55,269 [ 437120]   INFO - ns.python.sdk.PythonSdkUpdater - Bogus sys.path entry C:\Users\User\PycharmProjects\Hellow world\venv\Scripts\python37.zip 
2019-09-24 20:26:55,274 [ 437125]   INFO - ns.python.sdk.PythonSdkUpdater - Binary skeletons directory for SDK Python 3.7 (Hellow world) (C:\Users\User\PycharmProjects\Hellow world\venv\Scripts\python.exe)): C:/Users/User/.PyCharmCE2019.2/system/python_stubs/-1384082989 
2019-09-24 20:26:55,275 [ 437126]   INFO - ns.python.sdk.PythonSdkUpdater - User skeletons directory for SDK Python 3.7 (Hellow world) (C:\Users\User\PycharmProjects\Hellow world\venv\Scripts\python.exe)): C:/Program Files/JetBrains/PyCharm Community Edition 2019.2.2/helpers/python-skeletons 
2019-09-24 20:26:55,281 [ 437132]   INFO - ns.python.sdk.PythonSdkUpdater - Performing background update of skeletons for SDK Python 3.7 (Hellow world) (C:\Users\User\PycharmProjects\Hellow world\venv\Scripts\python.exe) 
2019-09-24 20:26:55,281 [ 437132]   INFO - .skeletons.PySkeletonRefresher - Refreshing skeletons for C:\Users\User\PycharmProjects\Hellow world\venv\Scripts\python.exe 
2019-09-24 20:26:56,305 [ 438156]   INFO - .skeletons.PySkeletonGenerator - Retrieving binary module list took 1019 ms 
2019-09-24 20:26:56,305 [ 438156]   INFO - tPregeneratedSkeletonsProvider - Home path is C:\Program Files\JetBrains\PyCharm Community Edition 2019.2.2 
2019-09-24 20:26:56,306 [ 438157]   INFO - tPregeneratedSkeletonsProvider - Pregenerated skeletons root is C:\Program Files\JetBrains\PyCharm Community Edition 2019.2.2\skeletons 
2019-09-24 20:26:56,306 [ 438157]   INFO - tPregeneratedSkeletonsProvider - Found pre-generated skeletons at C:\Program Files\JetBrains\PyCharm Community Edition 2019.2.2\skeletons\skeletons-win-403-python-3.7.3.zip 
2019-09-24 20:26:56,323 [ 438174]   INFO - .skeletons.PySkeletonRefresher - Rebuilding skeletons for binaries took 16 ms 
2019-09-24 20:26:56,356 [ 438207]   INFO - ns.python.sdk.PythonSdkUpdater - Performing background scan of packages for SDK Python 3.7 (Hellow world) (C:\Users\User\PycharmProjects\Hellow world\venv\Scripts\python.exe) 
2019-09-24 20:26:56,356 [ 438207]   INFO - packaging.PyPackageManagerImpl - Running packaging tool: C:\Users\User\PycharmProjects\Hellow world\venv\Scripts\python.exe C:\Program Files\JetBrains\PyCharm Community Edition 2019.2.2\helpers\packaging_tool.py list 
2019-09-24 20:29:20,191 [ 582042]   INFO - rationStore.ComponentStoreImpl - Saving appEmmetOptions took 55 ms 
2019-09-24 20:29:20,355 [ 582206]   INFO - rationStore.ComponentStoreImpl - Saving Project 'C:\Users\User\PycharmProjects\Hellow world' Hellow worldChangeListManager took 22 ms, CommittedChangesCache took 23 ms, ExternalProjectsData took 20 ms, ServiceViewManager took 18 ms, TaskManager took 12 ms, XDebuggerManager took 30 ms 
2019-09-24 20:29:20,427 [ 582278]   INFO - mponents.impl.stores.StoreUtil - saveProjectsAndApp took 313 ms 
2019-09-24 20:29:28,485 [ 590336]   INFO - .script.IdeScriptEngineManager - javax.script.ScriptEngineManager initialized in 753 ms 
2019-09-24 20:29:44,359 [ 606210]   INFO - .intellij.util.EnvironmentUtil - shell environment loaded (49 vars) 
2019-09-24 20:29:50,201 [ 612052]   INFO - rationStore.ComponentStoreImpl - Saving Project 'C:\Users\User\PycharmProjects\Hellow world' Hellow worldRunManager took 30 ms, Vcs.Log.Tabs.Properties took 21 ms 
2019-09-24 20:29:50,250 [ 612101]   INFO - mponents.impl.stores.StoreUtil - saveProjectsAndApp took 184 ms 
2019-09-24 20:31:26,910 [ 708761]   WARN - on.packaging.PyPackagesUpdater - Read timed out 
2019-09-24 20:33:36,092 [ 837943]   INFO - mponents.impl.stores.StoreUtil - saveProjectsAndApp took 364 ms 
2019-09-24 20:35:23,610 [ 945461]   INFO - .intellij.util.EnvironmentUtil - shell environment loaded (49 vars) 
2019-09-24 20:42:30,304 [1372155]   INFO - hon.packaging.PyPIPackageCache - Package cache C:\Users\User\.PyCharmCE2019.2\system\python_packages\pypi-cache.json was not found 
2019-09-24 20:43:27,166 [1429017]   INFO - .intellij.util.EnvironmentUtil - shell environment loaded (49 vars) 
2019-09-24 20:43:28,638 [1430489]   INFO - .intellij.util.EnvironmentUtil - shell environment loaded (49 vars) 
2019-09-24 20:43:32,238 [1434089]   INFO - rationStore.ComponentStoreImpl - Saving Project 'C:\Users\User\PycharmProjects\Hellow world' Hellow worldRunManager took 13 ms 
2019-09-24 20:44:15,881 [1477732]   INFO - .intellij.util.EnvironmentUtil - shell environment loaded (49 vars) 
2019-09-24 20:44:18,002 [1479853]   INFO - .intellij.util.EnvironmentUtil - shell environment loaded (49 vars) 
2019-09-24 20:44:21,872 [1483723]   INFO - .intellij.util.EnvironmentUtil - shell environment loaded (49 vars) 
2019-09-24 20:44:35,541 [1497392]   INFO - .intellij.util.EnvironmentUtil - shell environment loaded (49 vars) 
2019-09-24 20:44:36,813 [1498664]   INFO - .intellij.util.EnvironmentUtil - shell environment loaded (49 vars) 
2019-09-24 20:45:43,003 [1564854]   INFO - .intellij.util.EnvironmentUtil - shell environment loaded (49 vars) 
2019-09-24 20:46:00,808 [1582659]   INFO - .intellij.util.EnvironmentUtil - shell environment loaded (49 vars) 
2019-09-24 20:49:22,719 [1784570]   INFO - .intellij.util.EnvironmentUtil - shell environment loaded (49 vars) 
2019-09-24 20:49:25,318 [1787169]   INFO - .intellij.util.EnvironmentUtil - shell environment loaded (49 vars) 
2019-09-24 20:51:26,234 [1908085]   INFO - rationStore.ComponentStoreImpl - Saving Project 'C:\Users\User\PycharmProjects\Hellow world' Hellow worldRunManager took 13 ms 
2019-09-24 20:57:59,527 [2301378]   INFO - .intellij.util.EnvironmentUtil - shell environment loaded (49 vars) 
2019-09-24 20:58:27,369 [2329220]   INFO - .intellij.util.EnvironmentUtil - shell environment loaded (49 vars) 
2019-09-24 21:00:42,179 [2464030]   INFO - .intellij.util.EnvironmentUtil - shell environment loaded (49 vars) 
2019-09-24 21:01:27,864 [2509715]   INFO - .intellij.util.EnvironmentUtil - shell environment loaded (49 vars) 
2019-09-24 21:01:50,334 [2532185]   INFO - .intellij.util.EnvironmentUtil - shell environment loaded (49 vars) 
2019-09-24 21:05:42,046 [2763897]   INFO - .intellij.util.EnvironmentUtil - shell environment loaded (49 vars) 
2019-09-24 21:05:49,792 [2771643]   INFO - .intellij.util.EnvironmentUtil - shell environment loaded (49 vars) 
2019-09-24 23:47:36,226 [12478077]   INFO - stubs.SerializationManagerImpl - START StubSerializationManager SHUTDOWN 
2019-09-24 23:47:36,226 [12478077]   INFO - stubs.SerializationManagerImpl - END StubSerializationManager SHUTDOWN 
2019-09-24 23:47:36,242 [12478093]   INFO - stubs.SerializationManagerImpl - START StubSerializationManager SHUTDOWN 
2019-09-24 23:47:36,242 [12478093]   INFO - stubs.SerializationManagerImpl - END StubSerializationManager SHUTDOWN 
2019-09-24 23:47:36,242 [12478093]   INFO - il.indexing.FileBasedIndexImpl - START INDEX SHUTDOWN 
2019-09-24 23:47:36,710 [12478561]   INFO - il.indexing.FileBasedIndexImpl - END INDEX SHUTDOWN 
2019-09-24 23:47:36,913 [12478764]   INFO - org.jetbrains.io.BuiltInServer - web server stopped 
2019-09-24 23:47:36,929 [12478780]   INFO - Types.impl.FileTypeManagerImpl - FileTypeManager: 1558 auto-detected files
Elapsed time on auto-detect: 42044 ms 
2019-09-24 23:47:36,929 [12478780]   INFO - pl.local.NativeFileWatcherImpl - Watcher terminated with exit code 0 
2019-09-24 23:47:36,929 [12478780]   INFO - newvfs.persistent.PersistentFS - VFS dispose started 
2019-09-24 23:47:36,929 [12478780]   INFO - newvfs.persistent.PersistentFS - VFS dispose completed 
2019-09-24 23:47:36,929 [12478780]   INFO -        #com.intellij.idea.Main - ------------------------------------------------------ IDE SHUTDOWN ------------------------------------------------------ 
2019-09-24 23:47:36,945 [12478796]   INFO - org.jetbrains.io.BuiltInServer - web server stopped 
